Traceback (most recent call last):
  File "/usr/local/lib/python3.7/dist-packages/jupyter_cache/executors/utils.py", line 56, in single_nb_execution
    record_timing=False,
  File "/usr/local/lib/python3.7/dist-packages/nbclient/client.py", line 1204, in execute
    return NotebookClient(nb=nb, resources=resources, km=km, **kwargs).execute()
  File "/usr/local/lib/python3.7/dist-packages/nbclient/util.py", line 84, in wrapped
    return just_run(coro(*args, **kwargs))
  File "/usr/local/lib/python3.7/dist-packages/nbclient/util.py", line 62, in just_run
    return loop.run_until_complete(coro)
  File "/usr/lib/python3.7/asyncio/base_events.py", line 587, in run_until_complete
    return future.result()
  File "/usr/local/lib/python3.7/dist-packages/nbclient/client.py", line 664, in async_execute
    cell, index, execution_count=self.code_cells_executed + 1
  File "/usr/local/lib/python3.7/dist-packages/nbclient/client.py", line 965, in async_execute_cell
    await self._check_raise_for_error(cell, cell_index, exec_reply)
  File "/usr/local/lib/python3.7/dist-packages/nbclient/client.py", line 862, in _check_raise_for_error
    raise CellExecutionError.from_cell_and_msg(cell, exec_reply_content)
nbclient.exceptions.CellExecutionError: An error occurred while executing the following cell:
------------------
# interval lebar yang sama

label = ["sedikit_lebar", "lebar", "sangat_lebar"]
amount_of_binning = len(label)

sepal_width_ew_binning = pd.cut(SEPAL_WIDTH_SERIES, amount_of_binning, True, label)
labelled_sepal_width_ew_binning = sepal_width_ew_binning.value_counts()
interval_sepal_width_ew_binning = pd.cut(SEPAL_WIDTH_SERIES, amount_of_binning, True).value_counts()
------------------

[0;31m[0m
[0;31mNameError[0mTraceback (most recent call last)
[0;32m<ipython-input-5-ea56e86e1af7>[0m in [0;36m<module>[0;34m[0m
[1;32m      4[0m [0mamount_of_binning[0m [0;34m=[0m [0mlen[0m[0;34m([0m[0mlabel[0m[0;34m)[0m[0;34m[0m[0;34m[0m[0m
[1;32m      5[0m [0;34m[0m[0m
[0;32m----> 6[0;31m [0msepal_width_ew_binning[0m [0;34m=[0m [0mpd[0m[0;34m.[0m[0mcut[0m[0;34m([0m[0mSEPAL_WIDTH_SERIES[0m[0;34m,[0m [0mamount_of_binning[0m[0;34m,[0m [0;32mTrue[0m[0;34m,[0m [0mlabel[0m[0;34m)[0m[0;34m[0m[0;34m[0m[0m
[0m[1;32m      7[0m [0mlabelled_sepal_width_ew_binning[0m [0;34m=[0m [0msepal_width_ew_binning[0m[0;34m.[0m[0mvalue_counts[0m[0;34m([0m[0;34m)[0m[0;34m[0m[0;34m[0m[0m
[1;32m      8[0m [0minterval_sepal_width_ew_binning[0m [0;34m=[0m [0mpd[0m[0;34m.[0m[0mcut[0m[0;34m([0m[0mSEPAL_WIDTH_SERIES[0m[0;34m,[0m [0mamount_of_binning[0m[0;34m,[0m [0;32mTrue[0m[0;34m)[0m[0;34m.[0m[0mvalue_counts[0m[0;34m([0m[0;34m)[0m[0;34m[0m[0;34m[0m[0m

[0;31mNameError[0m: name 'SEPAL_WIDTH_SERIES' is not defined
NameError: name 'SEPAL_WIDTH_SERIES' is not defined

